

*******************************************************************************
Tue Oct  6 12:17:22 2015


FIT:    data read from data using 1:2:3
        format = x:z:s
        x range restricted to [0.00000 : 3.20000]
        #datapoints = 9
function used for fitting: g(x)
	g(x) = m*x + t
fitted parameters initialized with current variable values

iter      chisq       delta/lim  lambda   m             t            
   0 5.1377277101e+04   0.00e+00  2.30e-02    1.000000e+00   1.000000e+00
   4 3.2804143213e+00  -1.64e-05  2.30e-06    2.162294e+03   8.818678e+02

After 4 iterations the fit converged.
final sum of squares of residuals : 3.28041
rel. change during last iteration : -1.63535e-10

degrees of freedom    (FIT_NDF)                        : 7
rms of residuals      (FIT_STDFIT) = sqrt(WSSR/ndf)    : 0.684566
variance of residuals (reduced chisquare) = WSSR/ndf   : 0.468631
p-value of the Chisq distribution (FIT_P)              : 0.857907

Final set of parameters            Asymptotic Standard Error
=======================            ==========================
m               = 2162.29          +/- 31.24        (1.445%)
t               = 881.868          +/- 68.46        (7.763%)

correlation matrix of the fit parameters:
                m      t      
m               1.000 
t              -0.969  1.000 


*******************************************************************************
Tue Oct  6 12:17:22 2015


FIT:    data read from data_no_random using ($1/1000):2:3
        format = x:z:s
        x range restricted to [0.00000 : 3.20000]
        #datapoints = 9
function used for fitting: g2(x)
	g2(x) = m2*x + t2
fitted parameters initialized with current variable values

iter      chisq       delta/lim  lambda   m2            t2           
   0 3.2049697447e+05   0.00e+00  4.74e-02    1.000000e+00   1.000000e+00
   4 3.8596630861e+00  -5.57e-03  4.74e-06    3.014168e+03   2.549950e+02

After 4 iterations the fit converged.
final sum of squares of residuals : 3.85966
rel. change during last iteration : -5.57321e-08

degrees of freedom    (FIT_NDF)                        : 7
rms of residuals      (FIT_STDFIT) = sqrt(WSSR/ndf)    : 0.74255
variance of residuals (reduced chisquare) = WSSR/ndf   : 0.55138
p-value of the Chisq distribution (FIT_P)              : 0.795792

Final set of parameters            Asymptotic Standard Error
=======================            ==========================
m2              = 3014.17          +/- 15.6         (0.5176%)
t2              = 254.995          +/- 31.98        (12.54%)

correlation matrix of the fit parameters:
                m2     t2     
m2              1.000 
t2             -0.965  1.000 


*******************************************************************************
Tue Oct  6 12:19:11 2015


FIT:    data read from data using 1:2:3
        format = x:z:s
        x range restricted to [0.00000 : 3.20000]
        #datapoints = 9
function used for fitting: g(x)
	g(x) = m*x + t
fitted parameters initialized with current variable values

iter      chisq       delta/lim  lambda   m             t            
   0 5.1377277101e+04   0.00e+00  2.30e-02    1.000000e+00   1.000000e+00
   4 3.2804143213e+00  -1.64e-05  2.30e-06    2.162294e+03   8.818678e+02

After 4 iterations the fit converged.
final sum of squares of residuals : 3.28041
rel. change during last iteration : -1.63535e-10

degrees of freedom    (FIT_NDF)                        : 7
rms of residuals      (FIT_STDFIT) = sqrt(WSSR/ndf)    : 0.684566
variance of residuals (reduced chisquare) = WSSR/ndf   : 0.468631
p-value of the Chisq distribution (FIT_P)              : 0.857907

Final set of parameters            Asymptotic Standard Error
=======================            ==========================
m               = 2162.29          +/- 31.24        (1.445%)
t               = 881.868          +/- 68.46        (7.763%)

correlation matrix of the fit parameters:
                m      t      
m               1.000 
t              -0.969  1.000 


*******************************************************************************
Tue Oct  6 12:19:11 2015


FIT:    data read from data_no_random using ($1/1000):2:3
        format = x:z:s
        x range restricted to [0.00000 : 3.20000]
        #datapoints = 9
function used for fitting: g2(x)
	g2(x) = m2*x + t2
fitted parameters initialized with current variable values

iter      chisq       delta/lim  lambda   m2            t2           
   0 3.2049697447e+05   0.00e+00  4.74e-02    1.000000e+00   1.000000e+00
   4 3.8596630861e+00  -5.57e-03  4.74e-06    3.014168e+03   2.549950e+02

After 4 iterations the fit converged.
final sum of squares of residuals : 3.85966
rel. change during last iteration : -5.57321e-08

degrees of freedom    (FIT_NDF)                        : 7
rms of residuals      (FIT_STDFIT) = sqrt(WSSR/ndf)    : 0.74255
variance of residuals (reduced chisquare) = WSSR/ndf   : 0.55138
p-value of the Chisq distribution (FIT_P)              : 0.795792

Final set of parameters            Asymptotic Standard Error
=======================            ==========================
m2              = 3014.17          +/- 15.6         (0.5176%)
t2              = 254.995          +/- 31.98        (12.54%)

correlation matrix of the fit parameters:
                m2     t2     
m2              1.000 
t2             -0.965  1.000 


*******************************************************************************
Tue Oct  6 12:20:09 2015


FIT:    data read from data using 1:2:3
        format = x:z:s
        x range restricted to [0.00000 : 3.20000]
        #datapoints = 9
function used for fitting: g(x)
	g(x) = m*x + t
fitted parameters initialized with current variable values

iter      chisq       delta/lim  lambda   m             t            
   0 5.1377277101e+04   0.00e+00  2.30e-02    1.000000e+00   1.000000e+00
   4 3.2804143213e+00  -1.64e-05  2.30e-06    2.162294e+03   8.818678e+02

After 4 iterations the fit converged.
final sum of squares of residuals : 3.28041
rel. change during last iteration : -1.63535e-10

degrees of freedom    (FIT_NDF)                        : 7
rms of residuals      (FIT_STDFIT) = sqrt(WSSR/ndf)    : 0.684566
variance of residuals (reduced chisquare) = WSSR/ndf   : 0.468631
p-value of the Chisq distribution (FIT_P)              : 0.857907

Final set of parameters            Asymptotic Standard Error
=======================            ==========================
m               = 2162.29          +/- 31.24        (1.445%)
t               = 881.868          +/- 68.46        (7.763%)

correlation matrix of the fit parameters:
                m      t      
m               1.000 
t              -0.969  1.000 


*******************************************************************************
Tue Oct  6 12:20:09 2015


FIT:    data read from data_no_random using ($1/1000):2:3
        format = x:z:s
        x range restricted to [0.00000 : 3.20000]
        #datapoints = 9
function used for fitting: g2(x)
	g2(x) = m2*x + t2
fitted parameters initialized with current variable values

iter      chisq       delta/lim  lambda   m2            t2           
   0 3.2049697447e+05   0.00e+00  4.74e-02    1.000000e+00   1.000000e+00
   4 3.8596630861e+00  -5.57e-03  4.74e-06    3.014168e+03   2.549950e+02

After 4 iterations the fit converged.
final sum of squares of residuals : 3.85966
rel. change during last iteration : -5.57321e-08

degrees of freedom    (FIT_NDF)                        : 7
rms of residuals      (FIT_STDFIT) = sqrt(WSSR/ndf)    : 0.74255
variance of residuals (reduced chisquare) = WSSR/ndf   : 0.55138
p-value of the Chisq distribution (FIT_P)              : 0.795792

Final set of parameters            Asymptotic Standard Error
=======================            ==========================
m2              = 3014.17          +/- 15.6         (0.5176%)
t2              = 254.995          +/- 31.98        (12.54%)

correlation matrix of the fit parameters:
                m2     t2     
m2              1.000 
t2             -0.965  1.000 


*******************************************************************************
Tue Oct  6 12:22:41 2015


FIT:    data read from data using 1:2:3
        format = x:z:s
        x range restricted to [0.00000 : 3.20000]
        #datapoints = 9
function used for fitting: g(x)
	g(x) = m*x + t
fitted parameters initialized with current variable values

iter      chisq       delta/lim  lambda   m             t            
   0 5.1377277101e+04   0.00e+00  2.30e-02    1.000000e+00   1.000000e+00
   4 3.2804143213e+00  -1.64e-05  2.30e-06    2.162294e+03   8.818678e+02

After 4 iterations the fit converged.
final sum of squares of residuals : 3.28041
rel. change during last iteration : -1.63535e-10

degrees of freedom    (FIT_NDF)                        : 7
rms of residuals      (FIT_STDFIT) = sqrt(WSSR/ndf)    : 0.684566
variance of residuals (reduced chisquare) = WSSR/ndf   : 0.468631
p-value of the Chisq distribution (FIT_P)              : 0.857907

Final set of parameters            Asymptotic Standard Error
=======================            ==========================
m               = 2162.29          +/- 31.24        (1.445%)
t               = 881.868          +/- 68.46        (7.763%)

correlation matrix of the fit parameters:
                m      t      
m               1.000 
t              -0.969  1.000 


*******************************************************************************
Tue Oct  6 12:22:41 2015


FIT:    data read from data_no_random using ($1/1000):2:3
        format = x:z:s
        x range restricted to [0.00000 : 3.20000]
        #datapoints = 9
function used for fitting: g2(x)
	g2(x) = m2*x + t2
fitted parameters initialized with current variable values

iter      chisq       delta/lim  lambda   m2            t2           
   0 3.2049697447e+05   0.00e+00  4.74e-02    1.000000e+00   1.000000e+00
   4 3.8596630861e+00  -5.57e-03  4.74e-06    3.014168e+03   2.549950e+02

After 4 iterations the fit converged.
final sum of squares of residuals : 3.85966
rel. change during last iteration : -5.57321e-08

degrees of freedom    (FIT_NDF)                        : 7
rms of residuals      (FIT_STDFIT) = sqrt(WSSR/ndf)    : 0.74255
variance of residuals (reduced chisquare) = WSSR/ndf   : 0.55138
p-value of the Chisq distribution (FIT_P)              : 0.795792

Final set of parameters            Asymptotic Standard Error
=======================            ==========================
m2              = 3014.17          +/- 15.6         (0.5176%)
t2              = 254.995          +/- 31.98        (12.54%)

correlation matrix of the fit parameters:
                m2     t2     
m2              1.000 
t2             -0.965  1.000 


*******************************************************************************
Tue Oct  6 12:23:21 2015


FIT:    data read from data using 1:2:3
        format = x:z:s
        x range restricted to [0.00000 : 3.20000]
        #datapoints = 9
function used for fitting: g(x)
	g(x) = m*x + t
fitted parameters initialized with current variable values

iter      chisq       delta/lim  lambda   m             t            
   0 5.1377277101e+04   0.00e+00  2.30e-02    1.000000e+00   1.000000e+00
   4 3.2804143213e+00  -1.64e-05  2.30e-06    2.162294e+03   8.818678e+02

After 4 iterations the fit converged.
final sum of squares of residuals : 3.28041
rel. change during last iteration : -1.63535e-10

degrees of freedom    (FIT_NDF)                        : 7
rms of residuals      (FIT_STDFIT) = sqrt(WSSR/ndf)    : 0.684566
variance of residuals (reduced chisquare) = WSSR/ndf   : 0.468631
p-value of the Chisq distribution (FIT_P)              : 0.857907

Final set of parameters            Asymptotic Standard Error
=======================            ==========================
m               = 2162.29          +/- 31.24        (1.445%)
t               = 881.868          +/- 68.46        (7.763%)

correlation matrix of the fit parameters:
                m      t      
m               1.000 
t              -0.969  1.000 


*******************************************************************************
Tue Oct  6 12:23:21 2015


FIT:    data read from data_no_random using ($1/1000):2:3
        format = x:z:s
        x range restricted to [0.00000 : 3.20000]
        #datapoints = 9
function used for fitting: g2(x)
	g2(x) = m2*x + t2
fitted parameters initialized with current variable values

iter      chisq       delta/lim  lambda   m2            t2           
   0 3.2049697447e+05   0.00e+00  4.74e-02    1.000000e+00   1.000000e+00
   4 3.8596630861e+00  -5.57e-03  4.74e-06    3.014168e+03   2.549950e+02

After 4 iterations the fit converged.
final sum of squares of residuals : 3.85966
rel. change during last iteration : -5.57321e-08

degrees of freedom    (FIT_NDF)                        : 7
rms of residuals      (FIT_STDFIT) = sqrt(WSSR/ndf)    : 0.74255
variance of residuals (reduced chisquare) = WSSR/ndf   : 0.55138
p-value of the Chisq distribution (FIT_P)              : 0.795792

Final set of parameters            Asymptotic Standard Error
=======================            ==========================
m2              = 3014.17          +/- 15.6         (0.5176%)
t2              = 254.995          +/- 31.98        (12.54%)

correlation matrix of the fit parameters:
                m2     t2     
m2              1.000 
t2             -0.965  1.000 


*******************************************************************************
Tue Oct  6 12:24:44 2015


FIT:    data read from data using 1:2:3
        format = x:z:s
        x range restricted to [0.00000 : 3.20000]
        #datapoints = 9
function used for fitting: g(x)
	g(x) = m*x + t
fitted parameters initialized with current variable values

iter      chisq       delta/lim  lambda   m             t            
   0 5.1377277101e+04   0.00e+00  2.30e-02    1.000000e+00   1.000000e+00
   4 3.2804143213e+00  -1.64e-05  2.30e-06    2.162294e+03   8.818678e+02

After 4 iterations the fit converged.
final sum of squares of residuals : 3.28041
rel. change during last iteration : -1.63535e-10

degrees of freedom    (FIT_NDF)                        : 7
rms of residuals      (FIT_STDFIT) = sqrt(WSSR/ndf)    : 0.684566
variance of residuals (reduced chisquare) = WSSR/ndf   : 0.468631
p-value of the Chisq distribution (FIT_P)              : 0.857907

Final set of parameters            Asymptotic Standard Error
=======================            ==========================
m               = 2162.29          +/- 31.24        (1.445%)
t               = 881.868          +/- 68.46        (7.763%)

correlation matrix of the fit parameters:
                m      t      
m               1.000 
t              -0.969  1.000 


*******************************************************************************
Tue Oct  6 12:24:44 2015


FIT:    data read from data_no_random using ($1/1000):2:3
        format = x:z:s
        x range restricted to [0.00000 : 3.20000]
        #datapoints = 9
function used for fitting: g2(x)
	g2(x) = m2*x + t2
fitted parameters initialized with current variable values

iter      chisq       delta/lim  lambda   m2            t2           
   0 3.2049697447e+05   0.00e+00  4.74e-02    1.000000e+00   1.000000e+00
   4 3.8596630861e+00  -5.57e-03  4.74e-06    3.014168e+03   2.549950e+02

After 4 iterations the fit converged.
final sum of squares of residuals : 3.85966
rel. change during last iteration : -5.57321e-08

degrees of freedom    (FIT_NDF)                        : 7
rms of residuals      (FIT_STDFIT) = sqrt(WSSR/ndf)    : 0.74255
variance of residuals (reduced chisquare) = WSSR/ndf   : 0.55138
p-value of the Chisq distribution (FIT_P)              : 0.795792

Final set of parameters            Asymptotic Standard Error
=======================            ==========================
m2              = 3014.17          +/- 15.6         (0.5176%)
t2              = 254.995          +/- 31.98        (12.54%)

correlation matrix of the fit parameters:
                m2     t2     
m2              1.000 
t2             -0.965  1.000 


*******************************************************************************
Tue Oct  6 12:24:58 2015


FIT:    data read from data using 1:2:3
        format = x:z:s
        x range restricted to [0.00000 : 3.20000]
        #datapoints = 9
function used for fitting: g(x)
	g(x) = m*x + t
fitted parameters initialized with current variable values

iter      chisq       delta/lim  lambda   m             t            
   0 5.1377277101e+04   0.00e+00  2.30e-02    1.000000e+00   1.000000e+00
   4 3.2804143213e+00  -1.64e-05  2.30e-06    2.162294e+03   8.818678e+02

After 4 iterations the fit converged.
final sum of squares of residuals : 3.28041
rel. change during last iteration : -1.63535e-10

degrees of freedom    (FIT_NDF)                        : 7
rms of residuals      (FIT_STDFIT) = sqrt(WSSR/ndf)    : 0.684566
variance of residuals (reduced chisquare) = WSSR/ndf   : 0.468631
p-value of the Chisq distribution (FIT_P)              : 0.857907

Final set of parameters            Asymptotic Standard Error
=======================            ==========================
m               = 2162.29          +/- 31.24        (1.445%)
t               = 881.868          +/- 68.46        (7.763%)

correlation matrix of the fit parameters:
                m      t      
m               1.000 
t              -0.969  1.000 


*******************************************************************************
Tue Oct  6 12:24:58 2015


FIT:    data read from data_no_random using ($1/1000):2:3
        format = x:z:s
        x range restricted to [0.00000 : 3.20000]
        #datapoints = 9
function used for fitting: g2(x)
	g2(x) = m2*x + t2
fitted parameters initialized with current variable values

iter      chisq       delta/lim  lambda   m2            t2           
   0 3.2049697447e+05   0.00e+00  4.74e-02    1.000000e+00   1.000000e+00
   4 3.8596630861e+00  -5.57e-03  4.74e-06    3.014168e+03   2.549950e+02

After 4 iterations the fit converged.
final sum of squares of residuals : 3.85966
rel. change during last iteration : -5.57321e-08

degrees of freedom    (FIT_NDF)                        : 7
rms of residuals      (FIT_STDFIT) = sqrt(WSSR/ndf)    : 0.74255
variance of residuals (reduced chisquare) = WSSR/ndf   : 0.55138
p-value of the Chisq distribution (FIT_P)              : 0.795792

Final set of parameters            Asymptotic Standard Error
=======================            ==========================
m2              = 3014.17          +/- 15.6         (0.5176%)
t2              = 254.995          +/- 31.98        (12.54%)

correlation matrix of the fit parameters:
                m2     t2     
m2              1.000 
t2             -0.965  1.000 


*******************************************************************************
Tue Oct  6 12:25:23 2015


FIT:    data read from data using 1:2:3
        format = x:z:s
        x range restricted to [0.00000 : 3.20000]
        #datapoints = 9
function used for fitting: g(x)
	g(x) = m*x + t
fitted parameters initialized with current variable values

iter      chisq       delta/lim  lambda   m             t            
   0 5.1377277101e+04   0.00e+00  2.30e-02    1.000000e+00   1.000000e+00
   4 3.2804143213e+00  -1.64e-05  2.30e-06    2.162294e+03   8.818678e+02

After 4 iterations the fit converged.
final sum of squares of residuals : 3.28041
rel. change during last iteration : -1.63535e-10

degrees of freedom    (FIT_NDF)                        : 7
rms of residuals      (FIT_STDFIT) = sqrt(WSSR/ndf)    : 0.684566
variance of residuals (reduced chisquare) = WSSR/ndf   : 0.468631
p-value of the Chisq distribution (FIT_P)              : 0.857907

Final set of parameters            Asymptotic Standard Error
=======================            ==========================
m               = 2162.29          +/- 31.24        (1.445%)
t               = 881.868          +/- 68.46        (7.763%)

correlation matrix of the fit parameters:
                m      t      
m               1.000 
t              -0.969  1.000 


*******************************************************************************
Tue Oct  6 12:25:23 2015


FIT:    data read from data_no_random using ($1/1000):2:3
        format = x:z:s
        x range restricted to [0.00000 : 3.20000]
        #datapoints = 9
function used for fitting: g2(x)
	g2(x) = m2*x + t2
fitted parameters initialized with current variable values

iter      chisq       delta/lim  lambda   m2            t2           
   0 3.2049697447e+05   0.00e+00  4.74e-02    1.000000e+00   1.000000e+00
   4 3.8596630861e+00  -5.57e-03  4.74e-06    3.014168e+03   2.549950e+02

After 4 iterations the fit converged.
final sum of squares of residuals : 3.85966
rel. change during last iteration : -5.57321e-08

degrees of freedom    (FIT_NDF)                        : 7
rms of residuals      (FIT_STDFIT) = sqrt(WSSR/ndf)    : 0.74255
variance of residuals (reduced chisquare) = WSSR/ndf   : 0.55138
p-value of the Chisq distribution (FIT_P)              : 0.795792

Final set of parameters            Asymptotic Standard Error
=======================            ==========================
m2              = 3014.17          +/- 15.6         (0.5176%)
t2              = 254.995          +/- 31.98        (12.54%)

correlation matrix of the fit parameters:
                m2     t2     
m2              1.000 
t2             -0.965  1.000 


*******************************************************************************
Wed Oct  7 20:48:15 2015


FIT:    data read from data using 1:2:3
        format = x:z:s
        x range restricted to [0.00000 : 3.20000]
        #datapoints = 9
function used for fitting: g(x)
	g(x) = m*x + t
fitted parameters initialized with current variable values

iter      chisq       delta/lim  lambda   m             t            
   0 5.1377277101e+04   0.00e+00  2.30e-02    1.000000e+00   1.000000e+00
   4 3.2804143213e+00  -1.64e-05  2.30e-06    2.162294e+03   8.818678e+02

After 4 iterations the fit converged.
final sum of squares of residuals : 3.28041
rel. change during last iteration : -1.63535e-10

degrees of freedom    (FIT_NDF)                        : 7
rms of residuals      (FIT_STDFIT) = sqrt(WSSR/ndf)    : 0.684566
variance of residuals (reduced chisquare) = WSSR/ndf   : 0.468631
p-value of the Chisq distribution (FIT_P)              : 0.857907

Final set of parameters            Asymptotic Standard Error
=======================            ==========================
m               = 2162.29          +/- 31.24        (1.445%)
t               = 881.868          +/- 68.46        (7.763%)

correlation matrix of the fit parameters:
                m      t      
m               1.000 
t              -0.969  1.000 


*******************************************************************************
Wed Oct  7 20:48:15 2015


FIT:    data read from data_no_random using ($1/1000):2:3
        format = x:z:s
        x range restricted to [0.00000 : 3.20000]
        #datapoints = 9
function used for fitting: g2(x)
	g2(x) = m2*x + t2
fitted parameters initialized with current variable values

iter      chisq       delta/lim  lambda   m2            t2           
   0 3.2049697447e+05   0.00e+00  4.74e-02    1.000000e+00   1.000000e+00
   4 3.8596630861e+00  -5.57e-03  4.74e-06    3.014168e+03   2.549950e+02

After 4 iterations the fit converged.
final sum of squares of residuals : 3.85966
rel. change during last iteration : -5.57321e-08

degrees of freedom    (FIT_NDF)                        : 7
rms of residuals      (FIT_STDFIT) = sqrt(WSSR/ndf)    : 0.74255
variance of residuals (reduced chisquare) = WSSR/ndf   : 0.55138
p-value of the Chisq distribution (FIT_P)              : 0.795792

Final set of parameters            Asymptotic Standard Error
=======================            ==========================
m2              = 3014.17          +/- 15.6         (0.5176%)
t2              = 254.995          +/- 31.98        (12.54%)

correlation matrix of the fit parameters:
                m2     t2     
m2              1.000 
t2             -0.965  1.000 


*******************************************************************************
Sat Oct 10 12:40:14 2015


FIT:    data read from data using 1:2:3
        format = x:z:s
        x range restricted to [0.00000 : 3.20000]
        #datapoints = 9
function used for fitting: g(x)
	g(x) = m*x + t
fitted parameters initialized with current variable values

iter      chisq       delta/lim  lambda   m             t            
   0 5.1377277101e+04   0.00e+00  2.30e-02    1.000000e+00   1.000000e+00
   4 3.2804143213e+00  -1.64e-05  2.30e-06    2.162294e+03   8.818678e+02

After 4 iterations the fit converged.
final sum of squares of residuals : 3.28041
rel. change during last iteration : -1.63535e-10

degrees of freedom    (FIT_NDF)                        : 7
rms of residuals      (FIT_STDFIT) = sqrt(WSSR/ndf)    : 0.684566
variance of residuals (reduced chisquare) = WSSR/ndf   : 0.468631
p-value of the Chisq distribution (FIT_P)              : 0.857907

Final set of parameters            Asymptotic Standard Error
=======================            ==========================
m               = 2162.29          +/- 31.24        (1.445%)
t               = 881.868          +/- 68.46        (7.763%)

correlation matrix of the fit parameters:
                m      t      
m               1.000 
t              -0.969  1.000 


*******************************************************************************
Sat Oct 10 12:40:14 2015


FIT:    data read from data_no_random using ($1/1000):2:3
        format = x:z:s
        x range restricted to [0.00000 : 3.20000]
        #datapoints = 9
function used for fitting: g2(x)
	g2(x) = m2*x + t2
fitted parameters initialized with current variable values

iter      chisq       delta/lim  lambda   m2            t2           
   0 3.2049697447e+05   0.00e+00  4.74e-02    1.000000e+00   1.000000e+00
   4 3.8596630861e+00  -5.57e-03  4.74e-06    3.014168e+03   2.549950e+02

After 4 iterations the fit converged.
final sum of squares of residuals : 3.85966
rel. change during last iteration : -5.57321e-08

degrees of freedom    (FIT_NDF)                        : 7
rms of residuals      (FIT_STDFIT) = sqrt(WSSR/ndf)    : 0.74255
variance of residuals (reduced chisquare) = WSSR/ndf   : 0.55138
p-value of the Chisq distribution (FIT_P)              : 0.795792

Final set of parameters            Asymptotic Standard Error
=======================            ==========================
m2              = 3014.17          +/- 15.6         (0.5176%)
t2              = 254.995          +/- 31.98        (12.54%)

correlation matrix of the fit parameters:
                m2     t2     
m2              1.000 
t2             -0.965  1.000 


*******************************************************************************
Sat Oct 10 12:40:27 2015


FIT:    data read from data using 1:2:3
        format = x:z:s
        x range restricted to [0.00000 : 3.20000]
        #datapoints = 9
function used for fitting: g(x)
	g(x) = m*x + t
fitted parameters initialized with current variable values

iter      chisq       delta/lim  lambda   m             t            
   0 5.1377277101e+04   0.00e+00  2.30e-02    1.000000e+00   1.000000e+00
   4 3.2804143213e+00  -1.64e-05  2.30e-06    2.162294e+03   8.818678e+02

After 4 iterations the fit converged.
final sum of squares of residuals : 3.28041
rel. change during last iteration : -1.63535e-10

degrees of freedom    (FIT_NDF)                        : 7
rms of residuals      (FIT_STDFIT) = sqrt(WSSR/ndf)    : 0.684566
variance of residuals (reduced chisquare) = WSSR/ndf   : 0.468631
p-value of the Chisq distribution (FIT_P)              : 0.857907

Final set of parameters            Asymptotic Standard Error
=======================            ==========================
m               = 2162.29          +/- 31.24        (1.445%)
t               = 881.868          +/- 68.46        (7.763%)

correlation matrix of the fit parameters:
                m      t      
m               1.000 
t              -0.969  1.000 


*******************************************************************************
Sat Oct 10 12:40:27 2015


FIT:    data read from data_no_random using ($1/1000):2:3
        format = x:z:s
        x range restricted to [0.00000 : 3.20000]
        #datapoints = 9
function used for fitting: g2(x)
	g2(x) = m2*x + t2
fitted parameters initialized with current variable values

iter      chisq       delta/lim  lambda   m2            t2           
   0 3.2049697447e+05   0.00e+00  4.74e-02    1.000000e+00   1.000000e+00
   4 3.8596630861e+00  -5.57e-03  4.74e-06    3.014168e+03   2.549950e+02

After 4 iterations the fit converged.
final sum of squares of residuals : 3.85966
rel. change during last iteration : -5.57321e-08

degrees of freedom    (FIT_NDF)                        : 7
rms of residuals      (FIT_STDFIT) = sqrt(WSSR/ndf)    : 0.74255
variance of residuals (reduced chisquare) = WSSR/ndf   : 0.55138
p-value of the Chisq distribution (FIT_P)              : 0.795792

Final set of parameters            Asymptotic Standard Error
=======================            ==========================
m2              = 3014.17          +/- 15.6         (0.5176%)
t2              = 254.995          +/- 31.98        (12.54%)

correlation matrix of the fit parameters:
                m2     t2     
m2              1.000 
t2             -0.965  1.000 


*******************************************************************************
Sat Oct 10 12:41:10 2015


FIT:    data read from data using 1:2:3
        format = x:z:s
        x range restricted to [0.00000 : 3.20000]
        #datapoints = 9
function used for fitting: g(x)
	g(x) = m*x + t
fitted parameters initialized with current variable values

iter      chisq       delta/lim  lambda   m             t            
   0 5.1377277101e+04   0.00e+00  2.30e-02    1.000000e+00   1.000000e+00
   4 3.2804143213e+00  -1.64e-05  2.30e-06    2.162294e+03   8.818678e+02

After 4 iterations the fit converged.
final sum of squares of residuals : 3.28041
rel. change during last iteration : -1.63535e-10

degrees of freedom    (FIT_NDF)                        : 7
rms of residuals      (FIT_STDFIT) = sqrt(WSSR/ndf)    : 0.684566
variance of residuals (reduced chisquare) = WSSR/ndf   : 0.468631
p-value of the Chisq distribution (FIT_P)              : 0.857907

Final set of parameters            Asymptotic Standard Error
=======================            ==========================
m               = 2162.29          +/- 31.24        (1.445%)
t               = 881.868          +/- 68.46        (7.763%)

correlation matrix of the fit parameters:
                m      t      
m               1.000 
t              -0.969  1.000 


*******************************************************************************
Sat Oct 10 12:41:10 2015


FIT:    data read from data_no_random using ($1/1000):2:3
        format = x:z:s
        x range restricted to [0.00000 : 3.20000]
        #datapoints = 9
function used for fitting: g2(x)
	g2(x) = m2*x + t2
fitted parameters initialized with current variable values

iter      chisq       delta/lim  lambda   m2            t2           
   0 3.2049697447e+05   0.00e+00  4.74e-02    1.000000e+00   1.000000e+00
   4 3.8596630861e+00  -5.57e-03  4.74e-06    3.014168e+03   2.549950e+02

After 4 iterations the fit converged.
final sum of squares of residuals : 3.85966
rel. change during last iteration : -5.57321e-08

degrees of freedom    (FIT_NDF)                        : 7
rms of residuals      (FIT_STDFIT) = sqrt(WSSR/ndf)    : 0.74255
variance of residuals (reduced chisquare) = WSSR/ndf   : 0.55138
p-value of the Chisq distribution (FIT_P)              : 0.795792

Final set of parameters            Asymptotic Standard Error
=======================            ==========================
m2              = 3014.17          +/- 15.6         (0.5176%)
t2              = 254.995          +/- 31.98        (12.54%)

correlation matrix of the fit parameters:
                m2     t2     
m2              1.000 
t2             -0.965  1.000 


*******************************************************************************
Sat Oct 10 12:42:21 2015


FIT:    data read from data using 1:2:3
        format = x:z:s
        x range restricted to [0.00000 : 3.20000]
        #datapoints = 9
function used for fitting: g(x)
	g(x) = m*x + t
fitted parameters initialized with current variable values

iter      chisq       delta/lim  lambda   m             t            
   0 5.1377277101e+04   0.00e+00  2.30e-02    1.000000e+00   1.000000e+00
   4 3.2804143213e+00  -1.64e-05  2.30e-06    2.162294e+03   8.818678e+02

After 4 iterations the fit converged.
final sum of squares of residuals : 3.28041
rel. change during last iteration : -1.63535e-10

degrees of freedom    (FIT_NDF)                        : 7
rms of residuals      (FIT_STDFIT) = sqrt(WSSR/ndf)    : 0.684566
variance of residuals (reduced chisquare) = WSSR/ndf   : 0.468631
p-value of the Chisq distribution (FIT_P)              : 0.857907

Final set of parameters            Asymptotic Standard Error
=======================            ==========================
m               = 2162.29          +/- 31.24        (1.445%)
t               = 881.868          +/- 68.46        (7.763%)

correlation matrix of the fit parameters:
                m      t      
m               1.000 
t              -0.969  1.000 


*******************************************************************************
Sat Oct 10 12:42:21 2015


FIT:    data read from data_no_random using ($1/1000):2:3
        format = x:z:s
        x range restricted to [0.00000 : 3.20000]
        #datapoints = 9
function used for fitting: g2(x)
	g2(x) = m2*x + t2
fitted parameters initialized with current variable values

iter      chisq       delta/lim  lambda   m2            t2           
   0 3.2049697447e+05   0.00e+00  4.74e-02    1.000000e+00   1.000000e+00
   4 3.8596630861e+00  -5.57e-03  4.74e-06    3.014168e+03   2.549950e+02

After 4 iterations the fit converged.
final sum of squares of residuals : 3.85966
rel. change during last iteration : -5.57321e-08

degrees of freedom    (FIT_NDF)                        : 7
rms of residuals      (FIT_STDFIT) = sqrt(WSSR/ndf)    : 0.74255
variance of residuals (reduced chisquare) = WSSR/ndf   : 0.55138
p-value of the Chisq distribution (FIT_P)              : 0.795792

Final set of parameters            Asymptotic Standard Error
=======================            ==========================
m2              = 3014.17          +/- 15.6         (0.5176%)
t2              = 254.995          +/- 31.98        (12.54%)

correlation matrix of the fit parameters:
                m2     t2     
m2              1.000 
t2             -0.965  1.000 


*******************************************************************************
Sat Oct 10 12:43:48 2015


FIT:    data read from data using 1:2:3
        format = x:z:s
        x range restricted to [0.00000 : 3.20000]
        #datapoints = 9
function used for fitting: g(x)
	g(x) = m*x + t
fitted parameters initialized with current variable values

iter      chisq       delta/lim  lambda   m             t            
   0 5.1377277101e+04   0.00e+00  2.30e-02    1.000000e+00   1.000000e+00
   4 3.2804143213e+00  -1.64e-05  2.30e-06    2.162294e+03   8.818678e+02

After 4 iterations the fit converged.
final sum of squares of residuals : 3.28041
rel. change during last iteration : -1.63535e-10

degrees of freedom    (FIT_NDF)                        : 7
rms of residuals      (FIT_STDFIT) = sqrt(WSSR/ndf)    : 0.684566
variance of residuals (reduced chisquare) = WSSR/ndf   : 0.468631
p-value of the Chisq distribution (FIT_P)              : 0.857907

Final set of parameters            Asymptotic Standard Error
=======================            ==========================
m               = 2162.29          +/- 31.24        (1.445%)
t               = 881.868          +/- 68.46        (7.763%)

correlation matrix of the fit parameters:
                m      t      
m               1.000 
t              -0.969  1.000 


*******************************************************************************
Sat Oct 10 12:43:48 2015


FIT:    data read from data_no_random using ($1/1000):2:3
        format = x:z:s
        x range restricted to [0.00000 : 3.20000]
        #datapoints = 9
function used for fitting: g2(x)
	g2(x) = m2*x + t2
fitted parameters initialized with current variable values

iter      chisq       delta/lim  lambda   m2            t2           
   0 3.2049697447e+05   0.00e+00  4.74e-02    1.000000e+00   1.000000e+00
   4 3.8596630861e+00  -5.57e-03  4.74e-06    3.014168e+03   2.549950e+02

After 4 iterations the fit converged.
final sum of squares of residuals : 3.85966
rel. change during last iteration : -5.57321e-08

degrees of freedom    (FIT_NDF)                        : 7
rms of residuals      (FIT_STDFIT) = sqrt(WSSR/ndf)    : 0.74255
variance of residuals (reduced chisquare) = WSSR/ndf   : 0.55138
p-value of the Chisq distribution (FIT_P)              : 0.795792

Final set of parameters            Asymptotic Standard Error
=======================            ==========================
m2              = 3014.17          +/- 15.6         (0.5176%)
t2              = 254.995          +/- 31.98        (12.54%)

correlation matrix of the fit parameters:
                m2     t2     
m2              1.000 
t2             -0.965  1.000 


*******************************************************************************
Sat Oct 10 12:43:59 2015


FIT:    data read from data using 1:2:3
        format = x:z:s
        x range restricted to [0.00000 : 3.20000]
        #datapoints = 9
function used for fitting: g(x)
	g(x) = m*x + t
fitted parameters initialized with current variable values

iter      chisq       delta/lim  lambda   m             t            
   0 5.1377277101e+04   0.00e+00  2.30e-02    1.000000e+00   1.000000e+00
   4 3.2804143213e+00  -1.64e-05  2.30e-06    2.162294e+03   8.818678e+02

After 4 iterations the fit converged.
final sum of squares of residuals : 3.28041
rel. change during last iteration : -1.63535e-10

degrees of freedom    (FIT_NDF)                        : 7
rms of residuals      (FIT_STDFIT) = sqrt(WSSR/ndf)    : 0.684566
variance of residuals (reduced chisquare) = WSSR/ndf   : 0.468631
p-value of the Chisq distribution (FIT_P)              : 0.857907

Final set of parameters            Asymptotic Standard Error
=======================            ==========================
m               = 2162.29          +/- 31.24        (1.445%)
t               = 881.868          +/- 68.46        (7.763%)

correlation matrix of the fit parameters:
                m      t      
m               1.000 
t              -0.969  1.000 


*******************************************************************************
Sat Oct 10 12:43:59 2015


FIT:    data read from data_no_random using ($1/1000):2:3
        format = x:z:s
        x range restricted to [0.00000 : 3.20000]
        #datapoints = 9
function used for fitting: g2(x)
	g2(x) = m2*x + t2
fitted parameters initialized with current variable values

iter      chisq       delta/lim  lambda   m2            t2           
   0 3.2049697447e+05   0.00e+00  4.74e-02    1.000000e+00   1.000000e+00
   4 3.8596630861e+00  -5.57e-03  4.74e-06    3.014168e+03   2.549950e+02

After 4 iterations the fit converged.
final sum of squares of residuals : 3.85966
rel. change during last iteration : -5.57321e-08

degrees of freedom    (FIT_NDF)                        : 7
rms of residuals      (FIT_STDFIT) = sqrt(WSSR/ndf)    : 0.74255
variance of residuals (reduced chisquare) = WSSR/ndf   : 0.55138
p-value of the Chisq distribution (FIT_P)              : 0.795792

Final set of parameters            Asymptotic Standard Error
=======================            ==========================
m2              = 3014.17          +/- 15.6         (0.5176%)
t2              = 254.995          +/- 31.98        (12.54%)

correlation matrix of the fit parameters:
                m2     t2     
m2              1.000 
t2             -0.965  1.000 


*******************************************************************************
Sat Oct 10 12:44:07 2015


FIT:    data read from data using 1:2:3
        format = x:z:s
        x range restricted to [0.00000 : 3.20000]
        #datapoints = 9
function used for fitting: g(x)
	g(x) = m*x + t
fitted parameters initialized with current variable values

iter      chisq       delta/lim  lambda   m             t            
   0 5.1377277101e+04   0.00e+00  2.30e-02    1.000000e+00   1.000000e+00
   4 3.2804143213e+00  -1.64e-05  2.30e-06    2.162294e+03   8.818678e+02

After 4 iterations the fit converged.
final sum of squares of residuals : 3.28041
rel. change during last iteration : -1.63535e-10

degrees of freedom    (FIT_NDF)                        : 7
rms of residuals      (FIT_STDFIT) = sqrt(WSSR/ndf)    : 0.684566
variance of residuals (reduced chisquare) = WSSR/ndf   : 0.468631
p-value of the Chisq distribution (FIT_P)              : 0.857907

Final set of parameters            Asymptotic Standard Error
=======================            ==========================
m               = 2162.29          +/- 31.24        (1.445%)
t               = 881.868          +/- 68.46        (7.763%)

correlation matrix of the fit parameters:
                m      t      
m               1.000 
t              -0.969  1.000 


*******************************************************************************
Sat Oct 10 12:44:07 2015


FIT:    data read from data_no_random using ($1/1000):2:3
        format = x:z:s
        x range restricted to [0.00000 : 3.20000]
        #datapoints = 9
function used for fitting: g2(x)
	g2(x) = m2*x + t2
fitted parameters initialized with current variable values

iter      chisq       delta/lim  lambda   m2            t2           
   0 3.2049697447e+05   0.00e+00  4.74e-02    1.000000e+00   1.000000e+00
   4 3.8596630861e+00  -5.57e-03  4.74e-06    3.014168e+03   2.549950e+02

After 4 iterations the fit converged.
final sum of squares of residuals : 3.85966
rel. change during last iteration : -5.57321e-08

degrees of freedom    (FIT_NDF)                        : 7
rms of residuals      (FIT_STDFIT) = sqrt(WSSR/ndf)    : 0.74255
variance of residuals (reduced chisquare) = WSSR/ndf   : 0.55138
p-value of the Chisq distribution (FIT_P)              : 0.795792

Final set of parameters            Asymptotic Standard Error
=======================            ==========================
m2              = 3014.17          +/- 15.6         (0.5176%)
t2              = 254.995          +/- 31.98        (12.54%)

correlation matrix of the fit parameters:
                m2     t2     
m2              1.000 
t2             -0.965  1.000 


*******************************************************************************
Sat Oct 10 12:44:11 2015


FIT:    data read from data using 1:2:3
        format = x:z:s
        x range restricted to [0.00000 : 3.20000]
        #datapoints = 9
function used for fitting: g(x)
	g(x) = m*x + t
fitted parameters initialized with current variable values

iter      chisq       delta/lim  lambda   m             t            
   0 5.1377277101e+04   0.00e+00  2.30e-02    1.000000e+00   1.000000e+00
   4 3.2804143213e+00  -1.64e-05  2.30e-06    2.162294e+03   8.818678e+02

After 4 iterations the fit converged.
final sum of squares of residuals : 3.28041
rel. change during last iteration : -1.63535e-10

degrees of freedom    (FIT_NDF)                        : 7
rms of residuals      (FIT_STDFIT) = sqrt(WSSR/ndf)    : 0.684566
variance of residuals (reduced chisquare) = WSSR/ndf   : 0.468631
p-value of the Chisq distribution (FIT_P)              : 0.857907

Final set of parameters            Asymptotic Standard Error
=======================            ==========================
m               = 2162.29          +/- 31.24        (1.445%)
t               = 881.868          +/- 68.46        (7.763%)

correlation matrix of the fit parameters:
                m      t      
m               1.000 
t              -0.969  1.000 


*******************************************************************************
Sat Oct 10 12:44:11 2015


FIT:    data read from data_no_random using ($1/1000):2:3
        format = x:z:s
        x range restricted to [0.00000 : 3.20000]
        #datapoints = 9
function used for fitting: g2(x)
	g2(x) = m2*x + t2
fitted parameters initialized with current variable values

iter      chisq       delta/lim  lambda   m2            t2           
   0 3.2049697447e+05   0.00e+00  4.74e-02    1.000000e+00   1.000000e+00
   4 3.8596630861e+00  -5.57e-03  4.74e-06    3.014168e+03   2.549950e+02

After 4 iterations the fit converged.
final sum of squares of residuals : 3.85966
rel. change during last iteration : -5.57321e-08

degrees of freedom    (FIT_NDF)                        : 7
rms of residuals      (FIT_STDFIT) = sqrt(WSSR/ndf)    : 0.74255
variance of residuals (reduced chisquare) = WSSR/ndf   : 0.55138
p-value of the Chisq distribution (FIT_P)              : 0.795792

Final set of parameters            Asymptotic Standard Error
=======================            ==========================
m2              = 3014.17          +/- 15.6         (0.5176%)
t2              = 254.995          +/- 31.98        (12.54%)

correlation matrix of the fit parameters:
                m2     t2     
m2              1.000 
t2             -0.965  1.000 


*******************************************************************************
Sat Oct 10 12:46:02 2015


FIT:    data read from data using 1:2:3
        format = x:z:s
        x range restricted to [0.00000 : 3.20000]
        #datapoints = 9
function used for fitting: g(x)
	g(x) = m*x + t
fitted parameters initialized with current variable values

iter      chisq       delta/lim  lambda   m             t            
   0 5.1377277101e+04   0.00e+00  2.30e-02    1.000000e+00   1.000000e+00
   4 3.2804143213e+00  -1.64e-05  2.30e-06    2.162294e+03   8.818678e+02

After 4 iterations the fit converged.
final sum of squares of residuals : 3.28041
rel. change during last iteration : -1.63535e-10

degrees of freedom    (FIT_NDF)                        : 7
rms of residuals      (FIT_STDFIT) = sqrt(WSSR/ndf)    : 0.684566
variance of residuals (reduced chisquare) = WSSR/ndf   : 0.468631
p-value of the Chisq distribution (FIT_P)              : 0.857907

Final set of parameters            Asymptotic Standard Error
=======================            ==========================
m               = 2162.29          +/- 31.24        (1.445%)
t               = 881.868          +/- 68.46        (7.763%)

correlation matrix of the fit parameters:
                m      t      
m               1.000 
t              -0.969  1.000 


*******************************************************************************
Sat Oct 10 12:46:02 2015


FIT:    data read from data_no_random using ($1/1000):2:3
        format = x:z:s
        x range restricted to [0.00000 : 3.20000]
        #datapoints = 9
function used for fitting: g2(x)
	g2(x) = m2*x + t2
fitted parameters initialized with current variable values

iter      chisq       delta/lim  lambda   m2            t2           
   0 3.2049697447e+05   0.00e+00  4.74e-02    1.000000e+00   1.000000e+00
   4 3.8596630861e+00  -5.57e-03  4.74e-06    3.014168e+03   2.549950e+02

After 4 iterations the fit converged.
final sum of squares of residuals : 3.85966
rel. change during last iteration : -5.57321e-08

degrees of freedom    (FIT_NDF)                        : 7
rms of residuals      (FIT_STDFIT) = sqrt(WSSR/ndf)    : 0.74255
variance of residuals (reduced chisquare) = WSSR/ndf   : 0.55138
p-value of the Chisq distribution (FIT_P)              : 0.795792

Final set of parameters            Asymptotic Standard Error
=======================            ==========================
m2              = 3014.17          +/- 15.6         (0.5176%)
t2              = 254.995          +/- 31.98        (12.54%)

correlation matrix of the fit parameters:
                m2     t2     
m2              1.000 
t2             -0.965  1.000 


*******************************************************************************
Sat Oct 10 12:46:09 2015


FIT:    data read from data using 1:2:3
        format = x:z:s
        x range restricted to [0.00000 : 3.20000]
        #datapoints = 9
function used for fitting: g(x)
	g(x) = m*x + t
fitted parameters initialized with current variable values

iter      chisq       delta/lim  lambda   m             t            
   0 5.1377277101e+04   0.00e+00  2.30e-02    1.000000e+00   1.000000e+00
   4 3.2804143213e+00  -1.64e-05  2.30e-06    2.162294e+03   8.818678e+02

After 4 iterations the fit converged.
final sum of squares of residuals : 3.28041
rel. change during last iteration : -1.63535e-10

degrees of freedom    (FIT_NDF)                        : 7
rms of residuals      (FIT_STDFIT) = sqrt(WSSR/ndf)    : 0.684566
variance of residuals (reduced chisquare) = WSSR/ndf   : 0.468631
p-value of the Chisq distribution (FIT_P)              : 0.857907

Final set of parameters            Asymptotic Standard Error
=======================            ==========================
m               = 2162.29          +/- 31.24        (1.445%)
t               = 881.868          +/- 68.46        (7.763%)

correlation matrix of the fit parameters:
                m      t      
m               1.000 
t              -0.969  1.000 


*******************************************************************************
Sat Oct 10 12:46:09 2015


FIT:    data read from data_no_random using ($1/1000):2:3
        format = x:z:s
        x range restricted to [0.00000 : 3.20000]
        #datapoints = 9
function used for fitting: g2(x)
	g2(x) = m2*x + t2
fitted parameters initialized with current variable values

iter      chisq       delta/lim  lambda   m2            t2           
   0 3.2049697447e+05   0.00e+00  4.74e-02    1.000000e+00   1.000000e+00
   4 3.8596630861e+00  -5.57e-03  4.74e-06    3.014168e+03   2.549950e+02

After 4 iterations the fit converged.
final sum of squares of residuals : 3.85966
rel. change during last iteration : -5.57321e-08

degrees of freedom    (FIT_NDF)                        : 7
rms of residuals      (FIT_STDFIT) = sqrt(WSSR/ndf)    : 0.74255
variance of residuals (reduced chisquare) = WSSR/ndf   : 0.55138
p-value of the Chisq distribution (FIT_P)              : 0.795792

Final set of parameters            Asymptotic Standard Error
=======================            ==========================
m2              = 3014.17          +/- 15.6         (0.5176%)
t2              = 254.995          +/- 31.98        (12.54%)

correlation matrix of the fit parameters:
                m2     t2     
m2              1.000 
t2             -0.965  1.000 


*******************************************************************************
Sat Oct 10 12:46:38 2015


FIT:    data read from data using 1:2:3
        format = x:z:s
        x range restricted to [0.00000 : 3.20000]
        #datapoints = 9
function used for fitting: g(x)
	g(x) = m*x + t
fitted parameters initialized with current variable values

iter      chisq       delta/lim  lambda   m             t            
   0 5.1377277101e+04   0.00e+00  2.30e-02    1.000000e+00   1.000000e+00
   4 3.2804143213e+00  -1.64e-05  2.30e-06    2.162294e+03   8.818678e+02

After 4 iterations the fit converged.
final sum of squares of residuals : 3.28041
rel. change during last iteration : -1.63535e-10

degrees of freedom    (FIT_NDF)                        : 7
rms of residuals      (FIT_STDFIT) = sqrt(WSSR/ndf)    : 0.684566
variance of residuals (reduced chisquare) = WSSR/ndf   : 0.468631
p-value of the Chisq distribution (FIT_P)              : 0.857907

Final set of parameters            Asymptotic Standard Error
=======================            ==========================
m               = 2162.29          +/- 31.24        (1.445%)
t               = 881.868          +/- 68.46        (7.763%)

correlation matrix of the fit parameters:
                m      t      
m               1.000 
t              -0.969  1.000 


*******************************************************************************
Sat Oct 10 12:46:38 2015


FIT:    data read from data_no_random using ($1/1000):2:3
        format = x:z:s
        x range restricted to [0.00000 : 3.20000]
        #datapoints = 9
function used for fitting: g2(x)
	g2(x) = m2*x + t2
fitted parameters initialized with current variable values

iter      chisq       delta/lim  lambda   m2            t2           
   0 3.2049697447e+05   0.00e+00  4.74e-02    1.000000e+00   1.000000e+00
   4 3.8596630861e+00  -5.57e-03  4.74e-06    3.014168e+03   2.549950e+02

After 4 iterations the fit converged.
final sum of squares of residuals : 3.85966
rel. change during last iteration : -5.57321e-08

degrees of freedom    (FIT_NDF)                        : 7
rms of residuals      (FIT_STDFIT) = sqrt(WSSR/ndf)    : 0.74255
variance of residuals (reduced chisquare) = WSSR/ndf   : 0.55138
p-value of the Chisq distribution (FIT_P)              : 0.795792

Final set of parameters            Asymptotic Standard Error
=======================            ==========================
m2              = 3014.17          +/- 15.6         (0.5176%)
t2              = 254.995          +/- 31.98        (12.54%)

correlation matrix of the fit parameters:
                m2     t2     
m2              1.000 
t2             -0.965  1.000 


*******************************************************************************
Sat Oct 10 12:46:59 2015


FIT:    data read from data using 1:2:3
        format = x:z:s
        x range restricted to [0.00000 : 3.20000]
        #datapoints = 9
function used for fitting: g(x)
	g(x) = m*x + t
fitted parameters initialized with current variable values

iter      chisq       delta/lim  lambda   m             t            
   0 5.1377277101e+04   0.00e+00  2.30e-02    1.000000e+00   1.000000e+00
   4 3.2804143213e+00  -1.64e-05  2.30e-06    2.162294e+03   8.818678e+02

After 4 iterations the fit converged.
final sum of squares of residuals : 3.28041
rel. change during last iteration : -1.63535e-10

degrees of freedom    (FIT_NDF)                        : 7
rms of residuals      (FIT_STDFIT) = sqrt(WSSR/ndf)    : 0.684566
variance of residuals (reduced chisquare) = WSSR/ndf   : 0.468631
p-value of the Chisq distribution (FIT_P)              : 0.857907

Final set of parameters            Asymptotic Standard Error
=======================            ==========================
m               = 2162.29          +/- 31.24        (1.445%)
t               = 881.868          +/- 68.46        (7.763%)

correlation matrix of the fit parameters:
                m      t      
m               1.000 
t              -0.969  1.000 


*******************************************************************************
Sat Oct 10 12:46:59 2015


FIT:    data read from data_no_random using ($1/1000):2:3
        format = x:z:s
        x range restricted to [0.00000 : 3.20000]
        #datapoints = 9
function used for fitting: g2(x)
	g2(x) = m2*x + t2
fitted parameters initialized with current variable values

iter      chisq       delta/lim  lambda   m2            t2           
   0 3.2049697447e+05   0.00e+00  4.74e-02    1.000000e+00   1.000000e+00
   4 3.8596630861e+00  -5.57e-03  4.74e-06    3.014168e+03   2.549950e+02

After 4 iterations the fit converged.
final sum of squares of residuals : 3.85966
rel. change during last iteration : -5.57321e-08

degrees of freedom    (FIT_NDF)                        : 7
rms of residuals      (FIT_STDFIT) = sqrt(WSSR/ndf)    : 0.74255
variance of residuals (reduced chisquare) = WSSR/ndf   : 0.55138
p-value of the Chisq distribution (FIT_P)              : 0.795792

Final set of parameters            Asymptotic Standard Error
=======================            ==========================
m2              = 3014.17          +/- 15.6         (0.5176%)
t2              = 254.995          +/- 31.98        (12.54%)

correlation matrix of the fit parameters:
                m2     t2     
m2              1.000 
t2             -0.965  1.000 


*******************************************************************************
Sat Oct 10 12:47:39 2015


FIT:    data read from data using 1:2:3
        format = x:z:s
        x range restricted to [0.00000 : 3.20000]
        #datapoints = 9
function used for fitting: g(x)
	g(x) = m*x + t
fitted parameters initialized with current variable values

iter      chisq       delta/lim  lambda   m             t            
   0 5.1377277101e+04   0.00e+00  2.30e-02    1.000000e+00   1.000000e+00
   4 3.2804143213e+00  -1.64e-05  2.30e-06    2.162294e+03   8.818678e+02

After 4 iterations the fit converged.
final sum of squares of residuals : 3.28041
rel. change during last iteration : -1.63535e-10

degrees of freedom    (FIT_NDF)                        : 7
rms of residuals      (FIT_STDFIT) = sqrt(WSSR/ndf)    : 0.684566
variance of residuals (reduced chisquare) = WSSR/ndf   : 0.468631
p-value of the Chisq distribution (FIT_P)              : 0.857907

Final set of parameters            Asymptotic Standard Error
=======================            ==========================
m               = 2162.29          +/- 31.24        (1.445%)
t               = 881.868          +/- 68.46        (7.763%)

correlation matrix of the fit parameters:
                m      t      
m               1.000 
t              -0.969  1.000 


*******************************************************************************
Sat Oct 10 12:47:39 2015


FIT:    data read from data_no_random using ($1/1000):2:3
        format = x:z:s
        x range restricted to [0.00000 : 3.20000]
        #datapoints = 9
function used for fitting: g2(x)
	g2(x) = m2*x + t2
fitted parameters initialized with current variable values

iter      chisq       delta/lim  lambda   m2            t2           
   0 3.2049697447e+05   0.00e+00  4.74e-02    1.000000e+00   1.000000e+00
   4 3.8596630861e+00  -5.57e-03  4.74e-06    3.014168e+03   2.549950e+02

After 4 iterations the fit converged.
final sum of squares of residuals : 3.85966
rel. change during last iteration : -5.57321e-08

degrees of freedom    (FIT_NDF)                        : 7
rms of residuals      (FIT_STDFIT) = sqrt(WSSR/ndf)    : 0.74255
variance of residuals (reduced chisquare) = WSSR/ndf   : 0.55138
p-value of the Chisq distribution (FIT_P)              : 0.795792

Final set of parameters            Asymptotic Standard Error
=======================            ==========================
m2              = 3014.17          +/- 15.6         (0.5176%)
t2              = 254.995          +/- 31.98        (12.54%)

correlation matrix of the fit parameters:
                m2     t2     
m2              1.000 
t2             -0.965  1.000 


*******************************************************************************
Sat Oct 10 12:48:33 2015


FIT:    data read from data using 1:2:3
        format = x:z:s
        x range restricted to [0.00000 : 3.20000]
        #datapoints = 9
function used for fitting: g(x)
	g(x) = m*x + t
fitted parameters initialized with current variable values

iter      chisq       delta/lim  lambda   m             t            
   0 5.1377277101e+04   0.00e+00  2.30e-02    1.000000e+00   1.000000e+00
   4 3.2804143213e+00  -1.64e-05  2.30e-06    2.162294e+03   8.818678e+02

After 4 iterations the fit converged.
final sum of squares of residuals : 3.28041
rel. change during last iteration : -1.63535e-10

degrees of freedom    (FIT_NDF)                        : 7
rms of residuals      (FIT_STDFIT) = sqrt(WSSR/ndf)    : 0.684566
variance of residuals (reduced chisquare) = WSSR/ndf   : 0.468631
p-value of the Chisq distribution (FIT_P)              : 0.857907

Final set of parameters            Asymptotic Standard Error
=======================            ==========================
m               = 2162.29          +/- 31.24        (1.445%)
t               = 881.868          +/- 68.46        (7.763%)

correlation matrix of the fit parameters:
                m      t      
m               1.000 
t              -0.969  1.000 


*******************************************************************************
Sat Oct 10 12:48:33 2015


FIT:    data read from data_no_random using ($1/1000):2:3
        format = x:z:s
        x range restricted to [0.00000 : 3.20000]
        #datapoints = 9
function used for fitting: g2(x)
	g2(x) = m2*x + t2
fitted parameters initialized with current variable values

iter      chisq       delta/lim  lambda   m2            t2           
   0 3.2049697447e+05   0.00e+00  4.74e-02    1.000000e+00   1.000000e+00
   4 3.8596630861e+00  -5.57e-03  4.74e-06    3.014168e+03   2.549950e+02

After 4 iterations the fit converged.
final sum of squares of residuals : 3.85966
rel. change during last iteration : -5.57321e-08

degrees of freedom    (FIT_NDF)                        : 7
rms of residuals      (FIT_STDFIT) = sqrt(WSSR/ndf)    : 0.74255
variance of residuals (reduced chisquare) = WSSR/ndf   : 0.55138
p-value of the Chisq distribution (FIT_P)              : 0.795792

Final set of parameters            Asymptotic Standard Error
=======================            ==========================
m2              = 3014.17          +/- 15.6         (0.5176%)
t2              = 254.995          +/- 31.98        (12.54%)

correlation matrix of the fit parameters:
                m2     t2     
m2              1.000 
t2             -0.965  1.000 


*******************************************************************************
Sat Oct 10 12:48:38 2015


FIT:    data read from data using 1:2:3
        format = x:z:s
        x range restricted to [0.00000 : 3.20000]
        #datapoints = 9
function used for fitting: g(x)
	g(x) = m*x + t
fitted parameters initialized with current variable values

iter      chisq       delta/lim  lambda   m             t            
   0 5.1377277101e+04   0.00e+00  2.30e-02    1.000000e+00   1.000000e+00
   4 3.2804143213e+00  -1.64e-05  2.30e-06    2.162294e+03   8.818678e+02

After 4 iterations the fit converged.
final sum of squares of residuals : 3.28041
rel. change during last iteration : -1.63535e-10

degrees of freedom    (FIT_NDF)                        : 7
rms of residuals      (FIT_STDFIT) = sqrt(WSSR/ndf)    : 0.684566
variance of residuals (reduced chisquare) = WSSR/ndf   : 0.468631
p-value of the Chisq distribution (FIT_P)              : 0.857907

Final set of parameters            Asymptotic Standard Error
=======================            ==========================
m               = 2162.29          +/- 31.24        (1.445%)
t               = 881.868          +/- 68.46        (7.763%)

correlation matrix of the fit parameters:
                m      t      
m               1.000 
t              -0.969  1.000 


*******************************************************************************
Sat Oct 10 12:48:38 2015


FIT:    data read from data_no_random using ($1/1000):2:3
        format = x:z:s
        x range restricted to [0.00000 : 3.20000]
        #datapoints = 9
function used for fitting: g2(x)
	g2(x) = m2*x + t2
fitted parameters initialized with current variable values

iter      chisq       delta/lim  lambda   m2            t2           
   0 3.2049697447e+05   0.00e+00  4.74e-02    1.000000e+00   1.000000e+00
   4 3.8596630861e+00  -5.57e-03  4.74e-06    3.014168e+03   2.549950e+02

After 4 iterations the fit converged.
final sum of squares of residuals : 3.85966
rel. change during last iteration : -5.57321e-08

degrees of freedom    (FIT_NDF)                        : 7
rms of residuals      (FIT_STDFIT) = sqrt(WSSR/ndf)    : 0.74255
variance of residuals (reduced chisquare) = WSSR/ndf   : 0.55138
p-value of the Chisq distribution (FIT_P)              : 0.795792

Final set of parameters            Asymptotic Standard Error
=======================            ==========================
m2              = 3014.17          +/- 15.6         (0.5176%)
t2              = 254.995          +/- 31.98        (12.54%)

correlation matrix of the fit parameters:
                m2     t2     
m2              1.000 
t2             -0.965  1.000 


*******************************************************************************
Sat Oct 10 13:00:30 2015


FIT:    data read from data using 1:2:3
        format = x:z:s
        x range restricted to [0.00000 : 3.20000]
        #datapoints = 9
function used for fitting: g(x)
	g(x) = m*x + t
fitted parameters initialized with current variable values

iter      chisq       delta/lim  lambda   m             t            
   0 5.1377277101e+04   0.00e+00  2.30e-02    1.000000e+00   1.000000e+00
   4 3.2804143213e+00  -1.64e-05  2.30e-06    2.162294e+03   8.818678e+02

After 4 iterations the fit converged.
final sum of squares of residuals : 3.28041
rel. change during last iteration : -1.63535e-10

degrees of freedom    (FIT_NDF)                        : 7
rms of residuals      (FIT_STDFIT) = sqrt(WSSR/ndf)    : 0.684566
variance of residuals (reduced chisquare) = WSSR/ndf   : 0.468631
p-value of the Chisq distribution (FIT_P)              : 0.857907

Final set of parameters            Asymptotic Standard Error
=======================            ==========================
m               = 2162.29          +/- 31.24        (1.445%)
t               = 881.868          +/- 68.46        (7.763%)

correlation matrix of the fit parameters:
                m      t      
m               1.000 
t              -0.969  1.000 


*******************************************************************************
Sat Oct 10 13:00:30 2015


FIT:    data read from data_no_random using ($1/1000):2:3
        format = x:z:s
        x range restricted to [0.00000 : 3.20000]
        #datapoints = 9
function used for fitting: g2(x)
	g2(x) = m2*x + t2
fitted parameters initialized with current variable values

iter      chisq       delta/lim  lambda   m2            t2           
   0 3.2049697447e+05   0.00e+00  4.74e-02    1.000000e+00   1.000000e+00
   4 3.8596630861e+00  -5.57e-03  4.74e-06    3.014168e+03   2.549950e+02

After 4 iterations the fit converged.
final sum of squares of residuals : 3.85966
rel. change during last iteration : -5.57321e-08

degrees of freedom    (FIT_NDF)                        : 7
rms of residuals      (FIT_STDFIT) = sqrt(WSSR/ndf)    : 0.74255
variance of residuals (reduced chisquare) = WSSR/ndf   : 0.55138
p-value of the Chisq distribution (FIT_P)              : 0.795792

Final set of parameters            Asymptotic Standard Error
=======================            ==========================
m2              = 3014.17          +/- 15.6         (0.5176%)
t2              = 254.995          +/- 31.98        (12.54%)

correlation matrix of the fit parameters:
                m2     t2     
m2              1.000 
t2             -0.965  1.000 


*******************************************************************************
Tue Oct 13 14:12:49 2015


FIT:    data read from data using 1:2:3
        format = x:z:s
        x range restricted to [0.00000 : 3.20000]
        #datapoints = 9
function used for fitting: g(x)
	g(x) = m*x + t
fitted parameters initialized with current variable values

iter      chisq       delta/lim  lambda   m             t            
   0 5.1377277101e+04   0.00e+00  2.30e-02    1.000000e+00   1.000000e+00
   4 3.2804143213e+00  -1.64e-05  2.30e-06    2.162294e+03   8.818678e+02

After 4 iterations the fit converged.
final sum of squares of residuals : 3.28041
rel. change during last iteration : -1.63535e-10

degrees of freedom    (FIT_NDF)                        : 7
rms of residuals      (FIT_STDFIT) = sqrt(WSSR/ndf)    : 0.684566
variance of residuals (reduced chisquare) = WSSR/ndf   : 0.468631
p-value of the Chisq distribution (FIT_P)              : 0.857907

Final set of parameters            Asymptotic Standard Error
=======================            ==========================
m               = 2162.29          +/- 31.24        (1.445%)
t               = 881.868          +/- 68.46        (7.763%)

correlation matrix of the fit parameters:
                m      t      
m               1.000 
t              -0.969  1.000 


*******************************************************************************
Tue Oct 13 14:12:49 2015


FIT:    data read from data_no_random using ($1/1000):2:3
        format = x:z:s
        x range restricted to [0.00000 : 3.20000]
        #datapoints = 9
function used for fitting: g2(x)
	g2(x) = m2*x + t2
fitted parameters initialized with current variable values

iter      chisq       delta/lim  lambda   m2            t2           
   0 3.2049697447e+05   0.00e+00  4.74e-02    1.000000e+00   1.000000e+00
   4 3.8596630861e+00  -5.57e-03  4.74e-06    3.014168e+03   2.549950e+02

After 4 iterations the fit converged.
final sum of squares of residuals : 3.85966
rel. change during last iteration : -5.57321e-08

degrees of freedom    (FIT_NDF)                        : 7
rms of residuals      (FIT_STDFIT) = sqrt(WSSR/ndf)    : 0.74255
variance of residuals (reduced chisquare) = WSSR/ndf   : 0.55138
p-value of the Chisq distribution (FIT_P)              : 0.795792

Final set of parameters            Asymptotic Standard Error
=======================            ==========================
m2              = 3014.17          +/- 15.6         (0.5176%)
t2              = 254.995          +/- 31.98        (12.54%)

correlation matrix of the fit parameters:
                m2     t2     
m2              1.000 
t2             -0.965  1.000 


*******************************************************************************
Tue Oct 13 14:13:48 2015


FIT:    data read from data using 1:2:3
        format = x:z:s
        x range restricted to [0.00000 : 3.20000]
        #datapoints = 9
function used for fitting: g(x)
	g(x) = m*x + t
fitted parameters initialized with current variable values

iter      chisq       delta/lim  lambda   m             t            
   0 5.1377277101e+04   0.00e+00  2.30e-02    1.000000e+00   1.000000e+00
   4 3.2804143213e+00  -1.64e-05  2.30e-06    2.162294e+03   8.818678e+02

After 4 iterations the fit converged.
final sum of squares of residuals : 3.28041
rel. change during last iteration : -1.63535e-10

degrees of freedom    (FIT_NDF)                        : 7
rms of residuals      (FIT_STDFIT) = sqrt(WSSR/ndf)    : 0.684566
variance of residuals (reduced chisquare) = WSSR/ndf   : 0.468631
p-value of the Chisq distribution (FIT_P)              : 0.857907

Final set of parameters            Asymptotic Standard Error
=======================            ==========================
m               = 2162.29          +/- 31.24        (1.445%)
t               = 881.868          +/- 68.46        (7.763%)

correlation matrix of the fit parameters:
                m      t      
m               1.000 
t              -0.969  1.000 


*******************************************************************************
Tue Oct 13 14:13:48 2015


FIT:    data read from data_no_random using ($1/1000):2:3
        format = x:z:s
        x range restricted to [0.00000 : 3.20000]
        #datapoints = 9
function used for fitting: g2(x)
	g2(x) = m2*x + t2
fitted parameters initialized with current variable values

iter      chisq       delta/lim  lambda   m2            t2           
   0 3.2049697447e+05   0.00e+00  4.74e-02    1.000000e+00   1.000000e+00
   4 3.8596630861e+00  -5.57e-03  4.74e-06    3.014168e+03   2.549950e+02

After 4 iterations the fit converged.
final sum of squares of residuals : 3.85966
rel. change during last iteration : -5.57321e-08

degrees of freedom    (FIT_NDF)                        : 7
rms of residuals      (FIT_STDFIT) = sqrt(WSSR/ndf)    : 0.74255
variance of residuals (reduced chisquare) = WSSR/ndf   : 0.55138
p-value of the Chisq distribution (FIT_P)              : 0.795792

Final set of parameters            Asymptotic Standard Error
=======================            ==========================
m2              = 3014.17          +/- 15.6         (0.5176%)
t2              = 254.995          +/- 31.98        (12.54%)

correlation matrix of the fit parameters:
                m2     t2     
m2              1.000 
t2             -0.965  1.000 


*******************************************************************************
Tue Oct 13 14:14:27 2015


FIT:    data read from data using 1:2:3
        format = x:z:s
        x range restricted to [0.00000 : 3.20000]
        #datapoints = 9
function used for fitting: g(x)
	g(x) = m*x + t
fitted parameters initialized with current variable values

iter      chisq       delta/lim  lambda   m             t            
   0 5.1377277101e+04   0.00e+00  2.30e-02    1.000000e+00   1.000000e+00
   4 3.2804143213e+00  -1.64e-05  2.30e-06    2.162294e+03   8.818678e+02

After 4 iterations the fit converged.
final sum of squares of residuals : 3.28041
rel. change during last iteration : -1.63535e-10

degrees of freedom    (FIT_NDF)                        : 7
rms of residuals      (FIT_STDFIT) = sqrt(WSSR/ndf)    : 0.684566
variance of residuals (reduced chisquare) = WSSR/ndf   : 0.468631
p-value of the Chisq distribution (FIT_P)              : 0.857907

Final set of parameters            Asymptotic Standard Error
=======================            ==========================
m               = 2162.29          +/- 31.24        (1.445%)
t               = 881.868          +/- 68.46        (7.763%)

correlation matrix of the fit parameters:
                m      t      
m               1.000 
t              -0.969  1.000 


*******************************************************************************
Tue Oct 13 14:14:27 2015


FIT:    data read from data_no_random using ($1/1000):2:3
        format = x:z:s
        x range restricted to [0.00000 : 3.20000]
        #datapoints = 9
function used for fitting: g2(x)
	g2(x) = m2*x + t2
fitted parameters initialized with current variable values

iter      chisq       delta/lim  lambda   m2            t2           
   0 3.2049697447e+05   0.00e+00  4.74e-02    1.000000e+00   1.000000e+00
   4 3.8596630861e+00  -5.57e-03  4.74e-06    3.014168e+03   2.549950e+02

After 4 iterations the fit converged.
final sum of squares of residuals : 3.85966
rel. change during last iteration : -5.57321e-08

degrees of freedom    (FIT_NDF)                        : 7
rms of residuals      (FIT_STDFIT) = sqrt(WSSR/ndf)    : 0.74255
variance of residuals (reduced chisquare) = WSSR/ndf   : 0.55138
p-value of the Chisq distribution (FIT_P)              : 0.795792

Final set of parameters            Asymptotic Standard Error
=======================            ==========================
m2              = 3014.17          +/- 15.6         (0.5176%)
t2              = 254.995          +/- 31.98        (12.54%)

correlation matrix of the fit parameters:
                m2     t2     
m2              1.000 
t2             -0.965  1.000 


*******************************************************************************
Wed Oct 14 08:36:07 2015


FIT:    data read from data using 1:2:3
        format = x:z:s
        x range restricted to [0.00000 : 3.20000]
        #datapoints = 9
function used for fitting: g(x)
	g(x) = m*x + t
fitted parameters initialized with current variable values

iter      chisq       delta/lim  lambda   m             t            
   0 5.1377277101e+04   0.00e+00  2.30e-02    1.000000e+00   1.000000e+00
   4 3.2804143213e+00  -1.64e-05  2.30e-06    2.162294e+03   8.818678e+02

After 4 iterations the fit converged.
final sum of squares of residuals : 3.28041
rel. change during last iteration : -1.63535e-10

degrees of freedom    (FIT_NDF)                        : 7
rms of residuals      (FIT_STDFIT) = sqrt(WSSR/ndf)    : 0.684566
variance of residuals (reduced chisquare) = WSSR/ndf   : 0.468631
p-value of the Chisq distribution (FIT_P)              : 0.857907

Final set of parameters            Asymptotic Standard Error
=======================            ==========================
m               = 2162.29          +/- 31.24        (1.445%)
t               = 881.868          +/- 68.46        (7.763%)

correlation matrix of the fit parameters:
                m      t      
m               1.000 
t              -0.969  1.000 


*******************************************************************************
Wed Oct 14 08:36:07 2015


FIT:    data read from data_no_random using ($1/1000):2:3
        format = x:z:s
        x range restricted to [0.00000 : 3.20000]
        #datapoints = 9
function used for fitting: g2(x)
	g2(x) = m2*x + t2
fitted parameters initialized with current variable values

iter      chisq       delta/lim  lambda   m2            t2           
   0 3.2049697447e+05   0.00e+00  4.74e-02    1.000000e+00   1.000000e+00
   4 3.8596630861e+00  -5.57e-03  4.74e-06    3.014168e+03   2.549950e+02

After 4 iterations the fit converged.
final sum of squares of residuals : 3.85966
rel. change during last iteration : -5.57321e-08

degrees of freedom    (FIT_NDF)                        : 7
rms of residuals      (FIT_STDFIT) = sqrt(WSSR/ndf)    : 0.74255
variance of residuals (reduced chisquare) = WSSR/ndf   : 0.55138
p-value of the Chisq distribution (FIT_P)              : 0.795792

Final set of parameters            Asymptotic Standard Error
=======================            ==========================
m2              = 3014.17          +/- 15.6         (0.5176%)
t2              = 254.995          +/- 31.98        (12.54%)

correlation matrix of the fit parameters:
                m2     t2     
m2              1.000 
t2             -0.965  1.000 


*******************************************************************************
Wed Oct 14 08:36:21 2015


FIT:    data read from data using 1:2:3
        format = x:z:s
        x range restricted to [0.00000 : 3.20000]
        #datapoints = 9
function used for fitting: g(x)
	g(x) = m*x + t
fitted parameters initialized with current variable values

iter      chisq       delta/lim  lambda   m             t            
   0 5.1377277101e+04   0.00e+00  2.30e-02    1.000000e+00   1.000000e+00
   4 3.2804143213e+00  -1.64e-05  2.30e-06    2.162294e+03   8.818678e+02

After 4 iterations the fit converged.
final sum of squares of residuals : 3.28041
rel. change during last iteration : -1.63535e-10

degrees of freedom    (FIT_NDF)                        : 7
rms of residuals      (FIT_STDFIT) = sqrt(WSSR/ndf)    : 0.684566
variance of residuals (reduced chisquare) = WSSR/ndf   : 0.468631
p-value of the Chisq distribution (FIT_P)              : 0.857907

Final set of parameters            Asymptotic Standard Error
=======================            ==========================
m               = 2162.29          +/- 31.24        (1.445%)
t               = 881.868          +/- 68.46        (7.763%)

correlation matrix of the fit parameters:
                m      t      
m               1.000 
t              -0.969  1.000 


*******************************************************************************
Wed Oct 14 08:36:21 2015


FIT:    data read from data_no_random using ($1/1000):2:3
        format = x:z:s
        x range restricted to [0.00000 : 3.20000]
        #datapoints = 9
function used for fitting: g2(x)
	g2(x) = m2*x + t2
fitted parameters initialized with current variable values

iter      chisq       delta/lim  lambda   m2            t2           
   0 3.2049697447e+05   0.00e+00  4.74e-02    1.000000e+00   1.000000e+00
   4 3.8596630861e+00  -5.57e-03  4.74e-06    3.014168e+03   2.549950e+02

After 4 iterations the fit converged.
final sum of squares of residuals : 3.85966
rel. change during last iteration : -5.57321e-08

degrees of freedom    (FIT_NDF)                        : 7
rms of residuals      (FIT_STDFIT) = sqrt(WSSR/ndf)    : 0.74255
variance of residuals (reduced chisquare) = WSSR/ndf   : 0.55138
p-value of the Chisq distribution (FIT_P)              : 0.795792

Final set of parameters            Asymptotic Standard Error
=======================            ==========================
m2              = 3014.17          +/- 15.6         (0.5176%)
t2              = 254.995          +/- 31.98        (12.54%)

correlation matrix of the fit parameters:
                m2     t2     
m2              1.000 
t2             -0.965  1.000 


*******************************************************************************
Wed Oct 14 08:36:28 2015


FIT:    data read from data using 1:2:3
        format = x:z:s
        x range restricted to [0.00000 : 3.20000]
        #datapoints = 9
function used for fitting: g(x)
	g(x) = m*x + t
fitted parameters initialized with current variable values

iter      chisq       delta/lim  lambda   m             t            
   0 5.1377277101e+04   0.00e+00  2.30e-02    1.000000e+00   1.000000e+00
   4 3.2804143213e+00  -1.64e-05  2.30e-06    2.162294e+03   8.818678e+02

After 4 iterations the fit converged.
final sum of squares of residuals : 3.28041
rel. change during last iteration : -1.63535e-10

degrees of freedom    (FIT_NDF)                        : 7
rms of residuals      (FIT_STDFIT) = sqrt(WSSR/ndf)    : 0.684566
variance of residuals (reduced chisquare) = WSSR/ndf   : 0.468631
p-value of the Chisq distribution (FIT_P)              : 0.857907

Final set of parameters            Asymptotic Standard Error
=======================            ==========================
m               = 2162.29          +/- 31.24        (1.445%)
t               = 881.868          +/- 68.46        (7.763%)

correlation matrix of the fit parameters:
                m      t      
m               1.000 
t              -0.969  1.000 


*******************************************************************************
Wed Oct 14 08:36:28 2015


FIT:    data read from data_no_random using ($1/1000):2:3
        format = x:z:s
        x range restricted to [0.00000 : 3.20000]
        #datapoints = 9
function used for fitting: g2(x)
	g2(x) = m2*x + t2
fitted parameters initialized with current variable values

iter      chisq       delta/lim  lambda   m2            t2           
   0 3.2049697447e+05   0.00e+00  4.74e-02    1.000000e+00   1.000000e+00
   4 3.8596630861e+00  -5.57e-03  4.74e-06    3.014168e+03   2.549950e+02

After 4 iterations the fit converged.
final sum of squares of residuals : 3.85966
rel. change during last iteration : -5.57321e-08

degrees of freedom    (FIT_NDF)                        : 7
rms of residuals      (FIT_STDFIT) = sqrt(WSSR/ndf)    : 0.74255
variance of residuals (reduced chisquare) = WSSR/ndf   : 0.55138
p-value of the Chisq distribution (FIT_P)              : 0.795792

Final set of parameters            Asymptotic Standard Error
=======================            ==========================
m2              = 3014.17          +/- 15.6         (0.5176%)
t2              = 254.995          +/- 31.98        (12.54%)

correlation matrix of the fit parameters:
                m2     t2     
m2              1.000 
t2             -0.965  1.000 


*******************************************************************************
Wed Oct 14 08:36:39 2015


FIT:    data read from data using 1:2:3
        format = x:z:s
        x range restricted to [0.00000 : 3.20000]
        #datapoints = 9
function used for fitting: g(x)
	g(x) = m*x + t
fitted parameters initialized with current variable values

iter      chisq       delta/lim  lambda   m             t            
   0 5.1377277101e+04   0.00e+00  2.30e-02    1.000000e+00   1.000000e+00
   4 3.2804143213e+00  -1.64e-05  2.30e-06    2.162294e+03   8.818678e+02

After 4 iterations the fit converged.
final sum of squares of residuals : 3.28041
rel. change during last iteration : -1.63535e-10

degrees of freedom    (FIT_NDF)                        : 7
rms of residuals      (FIT_STDFIT) = sqrt(WSSR/ndf)    : 0.684566
variance of residuals (reduced chisquare) = WSSR/ndf   : 0.468631
p-value of the Chisq distribution (FIT_P)              : 0.857907

Final set of parameters            Asymptotic Standard Error
=======================            ==========================
m               = 2162.29          +/- 31.24        (1.445%)
t               = 881.868          +/- 68.46        (7.763%)

correlation matrix of the fit parameters:
                m      t      
m               1.000 
t              -0.969  1.000 


*******************************************************************************
Wed Oct 14 08:36:39 2015


FIT:    data read from data_no_random using ($1/1000):2:3
        format = x:z:s
        x range restricted to [0.00000 : 3.20000]
        #datapoints = 9
function used for fitting: g2(x)
	g2(x) = m2*x + t2
fitted parameters initialized with current variable values

iter      chisq       delta/lim  lambda   m2            t2           
   0 3.2049697447e+05   0.00e+00  4.74e-02    1.000000e+00   1.000000e+00
   4 3.8596630861e+00  -5.57e-03  4.74e-06    3.014168e+03   2.549950e+02

After 4 iterations the fit converged.
final sum of squares of residuals : 3.85966
rel. change during last iteration : -5.57321e-08

degrees of freedom    (FIT_NDF)                        : 7
rms of residuals      (FIT_STDFIT) = sqrt(WSSR/ndf)    : 0.74255
variance of residuals (reduced chisquare) = WSSR/ndf   : 0.55138
p-value of the Chisq distribution (FIT_P)              : 0.795792

Final set of parameters            Asymptotic Standard Error
=======================            ==========================
m2              = 3014.17          +/- 15.6         (0.5176%)
t2              = 254.995          +/- 31.98        (12.54%)

correlation matrix of the fit parameters:
                m2     t2     
m2              1.000 
t2             -0.965  1.000 
